2018-08-10 18:15:30,138 - MainThread - INFO - Class MessageSystem successfully initialized
2018-08-10 18:15:30,139 - MainThread - INFO - Class Watcher successfully initialized
2018-08-10 18:15:30,146 - MainThread - INFO - Class Watcher successfully initialized
2018-08-10 18:15:30,146 - MainThread - INFO - Class Watcher successfully initialized
2018-08-10 18:15:30,146 - MainThread - INFO - Class FileHandler successfully initialized
2018-08-10 18:15:30,147 - MainThread - INFO - Class ClusterHandler successfully initialized
2018-08-10 18:15:30,148 - MainThread - INFO - Class TableHandler successfully initialized
2018-08-10 18:15:30,151 - Main Thread (Watcher) - INFO - Sending message
2018-08-10 18:15:30,152 - Main Thread (Watcher) - INFO - Sending message
2018-08-10 18:15:30,152 - File Handler Daemon Thread - INFO - FileHandler have a message
2018-08-10 18:15:30,153 - File Handler Daemon Thread - INFO - File successfully read
2018-08-10 18:15:30,153 - File Handler Daemon Thread - INFO - File successfully read
2018-08-10 18:15:30,153 - File Handler Daemon Thread - INFO - File successfully read
2018-08-10 18:15:30,153 - File Handler Daemon Thread - INFO - File successfully read
2018-08-10 18:15:30,154 - File Handler Daemon Thread - INFO - File successfully read
2018-08-10 18:15:30,154 - File Handler Daemon Thread - INFO - File successfully read
2018-08-10 18:15:30,154 - File Handler Daemon Thread - INFO - File successfully read
2018-08-10 18:15:30,154 - File Handler Daemon Thread - INFO - File successfully read
2018-08-10 18:15:30,155 - File Handler Daemon Thread - INFO - Sending message
2018-08-10 18:15:30,155 - Table Handler Daemon Thread - INFO - TableHandler have a message
2018-08-10 18:15:30,159 - File Handler Daemon Thread - INFO - Sending message
2018-08-10 18:15:30,163 - File Handler Daemon Thread - INFO - Table successfully generated
2018-08-10 18:15:30,164 - Cluster Handler Daemon Thread - INFO - ClusterHandler have a message
2018-08-10 18:15:30,171 - Cluster Handler Daemon Thread - INFO - Cluster - A was created
2018-08-10 18:15:30,174 - Cluster Handler Daemon Thread - INFO - Cluster - Z was created
2018-08-10 18:15:30,181 - Cluster Handler Daemon Thread - INFO - Cluster - a was created
2018-08-10 18:15:30,182 - Cluster Handler Daemon Thread - INFO - Cluster - z was created
2018-08-10 18:15:30,182 - File Handler Daemon Thread - INFO - FileHandler have a message
2018-08-10 18:15:30,182 - Cluster Handler Daemon Thread - INFO - Cluster - Б was created
2018-08-10 18:15:30,183 - Cluster Handler Daemon Thread - INFO - Cluster - я was created
2018-08-10 18:15:30,183 - Cluster Handler Daemon Thread - INFO - Cluster - Я was created
2018-08-10 18:15:30,197 - File Handler Daemon Thread - INFO - File successfully read
2018-08-10 18:15:30,198 - Table Handler Daemon Thread - INFO - Teach table was created
2018-08-10 18:15:30,198 - File Handler Daemon Thread - INFO - File successfully read
2018-08-10 18:15:30,198 - File Handler Daemon Thread - INFO - File successfully read
2018-08-10 18:15:30,199 - File Handler Daemon Thread - INFO - File successfully read
2018-08-10 18:15:30,199 - File Handler Daemon Thread - ERROR - Catch UnicodeDecodeError in C:\Users\Banayaki\Downloads\KMS Tools Portable 01.04.2018 by Ratiborus\Programs\KMSAuto Lite Portable v1.3.5.2\readme_ru.txt
2018-08-10 18:15:30,199 - File Handler Daemon Thread - INFO - File successfully read
2018-08-10 18:15:30,199 - File Handler Daemon Thread - ERROR - Catch UnicodeDecodeError in C:\Users\Banayaki\Downloads\KMS Tools Portable 01.04.2018 by Ratiborus\Programs\KMSAuto Net 2016 v1.5.3 Portable\readme\readme_cn.txt
2018-08-10 18:15:30,200 - File Handler Daemon Thread - INFO - File successfully read
2018-08-10 18:15:30,200 - File Handler Daemon Thread - INFO - File successfully read
2018-08-10 18:15:30,200 - File Handler Daemon Thread - INFO - File successfully read
2018-08-10 18:15:30,200 - File Handler Daemon Thread - INFO - File successfully read
2018-08-10 18:15:30,201 - File Handler Daemon Thread - ERROR - Catch UnicodeDecodeError in C:\Users\Banayaki\Downloads\KMS Tools Portable 01.04.2018 by Ratiborus\Programs\KMSAuto Net 2016 v1.5.3 Portable\readme\readme_ua.txt
2018-08-10 18:15:30,201 - File Handler Daemon Thread - ERROR - Catch UnicodeDecodeError in C:\Users\Banayaki\Downloads\KMS Tools Portable 01.04.2018 by Ratiborus\Programs\KMSAuto Net 2016 v1.5.3 Portable\readme\readme_vi.txt
2018-08-10 18:15:30,201 - File Handler Daemon Thread - INFO - File successfully read
2018-08-10 18:15:30,202 - File Handler Daemon Thread - INFO - File successfully read
2018-08-10 18:15:30,202 - File Handler Daemon Thread - INFO - File successfully read
2018-08-10 18:15:30,203 - File Handler Daemon Thread - INFO - File successfully read
2018-08-10 18:15:30,203 - File Handler Daemon Thread - INFO - File successfully read
2018-08-10 18:15:30,203 - File Handler Daemon Thread - INFO - File successfully read
2018-08-10 18:15:30,204 - File Handler Daemon Thread - INFO - File successfully read
2018-08-10 18:15:30,204 - File Handler Daemon Thread - INFO - File successfully read
2018-08-10 18:15:30,204 - File Handler Daemon Thread - INFO - File successfully read
2018-08-10 18:15:30,205 - File Handler Daemon Thread - INFO - File successfully read
2018-08-10 18:15:30,205 - File Handler Daemon Thread - INFO - File successfully read
2018-08-10 18:15:30,205 - File Handler Daemon Thread - INFO - File successfully read
2018-08-10 18:15:30,206 - File Handler Daemon Thread - INFO - File successfully read
2018-08-10 18:15:30,206 - File Handler Daemon Thread - INFO - File successfully read
2018-08-10 18:15:30,207 - File Handler Daemon Thread - INFO - File successfully read
2018-08-10 18:15:30,207 - File Handler Daemon Thread - INFO - File successfully read
2018-08-10 18:15:30,207 - File Handler Daemon Thread - INFO - File successfully read
2018-08-10 18:15:30,207 - File Handler Daemon Thread - INFO - File successfully read
2018-08-10 18:15:30,208 - File Handler Daemon Thread - INFO - File successfully read
2018-08-10 18:15:30,208 - File Handler Daemon Thread - INFO - File successfully read
2018-08-10 18:15:30,208 - File Handler Daemon Thread - INFO - Sending message
2018-08-10 18:15:30,208 - File Handler Daemon Thread - INFO - Table successfully generated
2018-08-10 18:15:30,209 - Cluster Handler Daemon Thread - INFO - ClusterHandler have a message
2018-08-10 18:15:30,209 - Cluster Handler Daemon Thread - INFO - t refers to z
2018-08-10 18:15:30,209 - Cluster Handler Daemon Thread - INFO - e refers to a
2018-08-10 18:15:30,209 - Cluster Handler Daemon Thread - INFO - e refers to a
2018-08-10 18:15:30,209 - Cluster Handler Daemon Thread - INFO - e refers to a
2018-08-10 18:15:30,209 - Cluster Handler Daemon Thread - INFO - e refers to a
2018-08-10 18:15:30,209 - Cluster Handler Daemon Thread - INFO - e refers to a
2018-08-10 18:15:30,209 - Cluster Handler Daemon Thread - INFO - e refers to a
2018-08-10 18:15:30,210 - Cluster Handler Daemon Thread - INFO - n refers to z
2018-08-10 18:15:30,210 - Cluster Handler Daemon Thread - INFO - h refers to a
2018-08-10 18:15:30,210 - Cluster Handler Daemon Thread - INFO - d refers to a
2018-08-10 18:15:30,210 - Cluster Handler Daemon Thread - INFO - C refers to A
2018-08-10 18:15:30,210 - Cluster Handler Daemon Thread - INFO - D refers to A
2018-08-10 18:15:30,210 - Cluster Handler Daemon Thread - INFO - y refers to z
2018-08-10 18:15:30,210 - Cluster Handler Daemon Thread - INFO - Ы refers to Я
2018-08-10 18:15:30,210 - Cluster Handler Daemon Thread - INFO - Ы refers to Я
2018-08-10 18:15:30,210 - Cluster Handler Daemon Thread - INFO - Ы refers to Я
2018-08-10 18:15:30,210 - Cluster Handler Daemon Thread - INFO - Ы refers to Я
2018-08-10 18:15:30,211 - Cluster Handler Daemon Thread - INFO - Ы refers to Я
2018-08-10 18:15:30,211 - Cluster Handler Daemon Thread - INFO - Ы refers to Я
2018-08-10 18:15:30,211 - Cluster Handler Daemon Thread - INFO - Ы refers to Я
2018-08-10 18:15:30,211 - Cluster Handler Daemon Thread - INFO - Ы refers to Я
2018-08-10 18:15:30,211 - Cluster Handler Daemon Thread - INFO - й refers to Я
2018-08-10 18:15:30,211 - Cluster Handler Daemon Thread - INFO - Cluster identify success
2018-08-10 18:15:30,211 - Cluster Handler Daemon Thread - INFO - Sending message
2018-08-10 18:15:30,212 - Table Handler Daemon Thread - INFO - TableHandler have a message
2018-08-10 18:23:54,919 - MainThread - INFO - Class MessageSystem successfully initialized
2018-08-10 18:23:54,919 - MainThread - INFO - Class Watcher successfully initialized
2018-08-10 18:23:54,923 - MainThread - INFO - Class Watcher successfully initialized
2018-08-10 18:23:54,923 - MainThread - INFO - Class Watcher successfully initialized
2018-08-10 18:23:54,924 - MainThread - INFO - Class FileHandler successfully initialized
2018-08-10 18:23:54,924 - MainThread - INFO - Class ClusterHandler successfully initialized
2018-08-10 18:23:54,924 - MainThread - INFO - Class TableHandler successfully initialized
2018-08-10 18:23:54,927 - Main Thread (Watcher) - INFO - Sending message
2018-08-10 18:23:54,927 - Main Thread (Watcher) - INFO - Sending message
2018-08-10 18:23:54,927 - File Handler Daemon Thread - INFO - FileHandler have a message
2018-08-10 18:23:54,928 - File Handler Daemon Thread - INFO - File successfully read
2018-08-10 18:23:54,928 - File Handler Daemon Thread - INFO - File successfully read
2018-08-10 18:23:54,928 - File Handler Daemon Thread - INFO - File successfully read
2018-08-10 18:23:54,928 - File Handler Daemon Thread - INFO - File successfully read
2018-08-10 18:23:54,928 - File Handler Daemon Thread - INFO - File successfully read
2018-08-10 18:23:54,929 - File Handler Daemon Thread - INFO - File successfully read
2018-08-10 18:23:54,929 - File Handler Daemon Thread - INFO - File successfully read
2018-08-10 18:23:54,929 - File Handler Daemon Thread - INFO - File successfully read
2018-08-10 18:23:54,929 - File Handler Daemon Thread - INFO - Sending message
2018-08-10 18:23:54,930 - Table Handler Daemon Thread - INFO - TableHandler have a message
2018-08-10 18:23:54,932 - File Handler Daemon Thread - INFO - Sending message
2018-08-10 18:23:54,932 - File Handler Daemon Thread - INFO - Table successfully generated
2018-08-10 18:23:54,939 - File Handler Daemon Thread - INFO - FileHandler have a message
2018-08-10 18:23:54,947 - Cluster Handler Daemon Thread - INFO - ClusterHandler have a message
2018-08-10 18:23:54,947 - Cluster Handler Daemon Thread - INFO - Cluster - A was created
2018-08-10 18:23:54,948 - Cluster Handler Daemon Thread - INFO - Cluster - Z was created
2018-08-10 18:23:54,948 - Cluster Handler Daemon Thread - INFO - Cluster - a was created
2018-08-10 18:23:54,948 - Cluster Handler Daemon Thread - INFO - Cluster - z was created
2018-08-10 18:23:54,948 - Cluster Handler Daemon Thread - INFO - Cluster - Б was created
2018-08-10 18:23:54,948 - Cluster Handler Daemon Thread - INFO - Cluster - я was created
2018-08-10 18:23:54,948 - Cluster Handler Daemon Thread - INFO - Cluster - Я was created
2018-08-10 18:23:54,962 - File Handler Daemon Thread - INFO - File successfully read
2018-08-10 18:23:54,963 - Table Handler Daemon Thread - INFO - Teach table was created
2018-08-10 18:23:54,963 - File Handler Daemon Thread - INFO - File successfully read
2018-08-10 18:23:54,963 - File Handler Daemon Thread - INFO - File successfully read
2018-08-10 18:23:54,963 - File Handler Daemon Thread - INFO - File successfully read
2018-08-10 18:23:54,963 - File Handler Daemon Thread - ERROR - Catch UnicodeDecodeError in C:\Users\Banayaki\Downloads\KMS Tools Portable 01.04.2018 by Ratiborus\Programs\KMSAuto Lite Portable v1.3.5.2\readme_ru.txt
2018-08-10 18:23:54,964 - File Handler Daemon Thread - INFO - File successfully read
2018-08-10 18:23:54,964 - File Handler Daemon Thread - ERROR - Catch UnicodeDecodeError in C:\Users\Banayaki\Downloads\KMS Tools Portable 01.04.2018 by Ratiborus\Programs\KMSAuto Net 2016 v1.5.3 Portable\readme\readme_cn.txt
2018-08-10 18:23:54,964 - File Handler Daemon Thread - INFO - File successfully read
2018-08-10 18:23:54,965 - File Handler Daemon Thread - INFO - File successfully read
2018-08-10 18:23:54,965 - File Handler Daemon Thread - INFO - File successfully read
2018-08-10 18:23:54,965 - File Handler Daemon Thread - INFO - File successfully read
2018-08-10 18:23:54,966 - File Handler Daemon Thread - ERROR - Catch UnicodeDecodeError in C:\Users\Banayaki\Downloads\KMS Tools Portable 01.04.2018 by Ratiborus\Programs\KMSAuto Net 2016 v1.5.3 Portable\readme\readme_ua.txt
2018-08-10 18:23:54,966 - File Handler Daemon Thread - ERROR - Catch UnicodeDecodeError in C:\Users\Banayaki\Downloads\KMS Tools Portable 01.04.2018 by Ratiborus\Programs\KMSAuto Net 2016 v1.5.3 Portable\readme\readme_vi.txt
2018-08-10 18:23:54,966 - File Handler Daemon Thread - INFO - File successfully read
2018-08-10 18:23:54,966 - File Handler Daemon Thread - INFO - File successfully read
2018-08-10 18:23:54,967 - File Handler Daemon Thread - INFO - File successfully read
2018-08-10 18:23:54,967 - File Handler Daemon Thread - INFO - File successfully read
2018-08-10 18:23:54,967 - File Handler Daemon Thread - INFO - File successfully read
2018-08-10 18:23:54,967 - File Handler Daemon Thread - INFO - File successfully read
2018-08-10 18:23:54,967 - File Handler Daemon Thread - INFO - File successfully read
2018-08-10 18:23:54,968 - File Handler Daemon Thread - INFO - File successfully read
2018-08-10 18:23:54,968 - File Handler Daemon Thread - INFO - File successfully read
2018-08-10 18:23:54,968 - File Handler Daemon Thread - INFO - File successfully read
2018-08-10 18:23:54,968 - File Handler Daemon Thread - INFO - File successfully read
2018-08-10 18:23:54,968 - File Handler Daemon Thread - INFO - File successfully read
2018-08-10 18:23:54,969 - File Handler Daemon Thread - INFO - File successfully read
2018-08-10 18:23:54,969 - File Handler Daemon Thread - INFO - File successfully read
2018-08-10 18:23:54,969 - File Handler Daemon Thread - INFO - File successfully read
2018-08-10 18:23:54,969 - File Handler Daemon Thread - INFO - File successfully read
2018-08-10 18:23:54,969 - File Handler Daemon Thread - INFO - File successfully read
2018-08-10 18:23:54,970 - File Handler Daemon Thread - INFO - File successfully read
2018-08-10 18:23:54,970 - File Handler Daemon Thread - INFO - File successfully read
2018-08-10 18:23:54,970 - File Handler Daemon Thread - INFO - File successfully read
2018-08-10 18:23:54,970 - File Handler Daemon Thread - INFO - Sending message
2018-08-10 18:23:54,971 - File Handler Daemon Thread - INFO - Table successfully generated
2018-08-10 18:23:54,971 - Cluster Handler Daemon Thread - INFO - ClusterHandler have a message
2018-08-10 18:23:54,971 - Cluster Handler Daemon Thread - INFO - t refers to z
2018-08-10 18:23:54,971 - Cluster Handler Daemon Thread - INFO - e refers to a
2018-08-10 18:23:54,971 - Cluster Handler Daemon Thread - INFO - e refers to a
2018-08-10 18:23:54,971 - Cluster Handler Daemon Thread - INFO - e refers to a
2018-08-10 18:23:54,971 - Cluster Handler Daemon Thread - INFO - e refers to a
2018-08-10 18:23:54,971 - Cluster Handler Daemon Thread - INFO - e refers to a
2018-08-10 18:23:54,972 - Cluster Handler Daemon Thread - INFO - e refers to a
2018-08-10 18:23:54,972 - Cluster Handler Daemon Thread - INFO - n refers to z
2018-08-10 18:23:54,972 - Cluster Handler Daemon Thread - INFO - h refers to a
2018-08-10 18:23:54,972 - Cluster Handler Daemon Thread - INFO - d refers to a
2018-08-10 18:23:54,972 - Cluster Handler Daemon Thread - INFO - C refers to A
2018-08-10 18:23:54,972 - Cluster Handler Daemon Thread - INFO - D refers to A
2018-08-10 18:23:54,972 - Cluster Handler Daemon Thread - INFO - y refers to z
2018-08-10 18:23:54,972 - Cluster Handler Daemon Thread - INFO - Ы refers to Я
2018-08-10 18:23:54,972 - Cluster Handler Daemon Thread - INFO - Ы refers to Я
2018-08-10 18:23:54,972 - Cluster Handler Daemon Thread - INFO - Ы refers to Я
2018-08-10 18:23:54,972 - Cluster Handler Daemon Thread - INFO - Ы refers to Я
2018-08-10 18:23:54,973 - Cluster Handler Daemon Thread - INFO - Ы refers to Я
2018-08-10 18:23:54,973 - Cluster Handler Daemon Thread - INFO - Ы refers to Я
2018-08-10 18:23:54,973 - Cluster Handler Daemon Thread - INFO - Ы refers to Я
2018-08-10 18:23:54,973 - Cluster Handler Daemon Thread - INFO - Ы refers to Я
2018-08-10 18:23:54,973 - Cluster Handler Daemon Thread - INFO - й refers to Я
2018-08-10 18:23:54,973 - Cluster Handler Daemon Thread - INFO - Cluster identify success
2018-08-10 18:23:54,973 - Cluster Handler Daemon Thread - INFO - Sending message
2018-08-10 18:23:54,974 - Table Handler Daemon Thread - INFO - TableHandler have a message
2018-08-10 18:23:55,054 - Table Handler Daemon Thread - INFO - Table was created
2018-08-10 18:24:00,664 - Main Thread (Watcher) - INFO - Some changes was happened
2018-08-10 18:24:00,664 - Main Thread (Watcher) - INFO - Some changes was happened
2018-08-10 18:24:00,665 - Main Thread (Watcher) - INFO - Sending message
2018-08-10 18:24:00,666 - File Handler Daemon Thread - INFO - FileHandler have a message
2018-08-10 18:24:00,666 - File Handler Daemon Thread - INFO - русская маленькая б.txt: is Deleted
2018-08-10 18:24:00,667 - File Handler Daemon Thread - INFO - Sending message
2018-08-10 18:24:00,667 - Table Handler Daemon Thread - INFO - TableHandler have a message
2018-08-10 18:24:01,400 - Main Thread (Watcher) - INFO - Some changes was happened
2018-08-10 18:24:01,400 - Main Thread (Watcher) - INFO - Some changes was happened
2018-08-10 18:24:01,400 - Main Thread (Watcher) - INFO - Sending message
2018-08-10 18:24:01,401 - File Handler Daemon Thread - INFO - FileHandler have a message
2018-08-10 18:24:01,401 - File Handler Daemon Thread - INFO - русская маленькая б.txt: is Created
2018-08-10 18:24:01,402 - Main Thread (Watcher) - INFO - Some changes was happened
2018-08-10 18:24:01,402 - Main Thread (Watcher) - INFO - Some changes was happened
2018-08-10 18:24:01,403 - Main Thread (Watcher) - INFO - Sending message
2018-08-10 18:24:01,403 - File Handler Daemon Thread - INFO - FileHandler have a message
2018-08-10 18:24:01,404 - File Handler Daemon Thread - INFO - русская маленькая б.txt: is Updated
2018-08-10 18:24:01,404 - File Handler Daemon Thread - INFO - File successfully read
2018-08-10 18:24:01,405 - File Handler Daemon Thread - INFO - Sending message
2018-08-10 18:24:01,406 - Table Handler Daemon Thread - INFO - TableHandler have a message
2018-08-10 18:24:01,411 - Table Handler Daemon Thread - INFO - Sending message
2018-08-10 18:24:01,412 - Cluster Handler Daemon Thread - INFO - ClusterHandler have a message
2018-08-10 18:24:01,412 - Cluster Handler Daemon Thread - INFO - Clusters was up to date
2018-08-10 18:24:01,413 - Cluster Handler Daemon Thread - INFO - Sending message
2018-08-10 18:24:01,415 - Table Handler Daemon Thread - INFO - TableHandler have a message
2018-08-10 18:24:01,440 - Table Handler Daemon Thread - INFO - Table have some update
2018-08-10 18:24:05,287 - Main Thread (Watcher) - INFO - Some changes was happened
2018-08-10 18:24:05,287 - Main Thread (Watcher) - INFO - Some changes was happened
2018-08-10 18:24:05,287 - Main Thread (Watcher) - INFO - Sending message
2018-08-10 18:24:05,288 - File Handler Daemon Thread - INFO - FileHandler have a message
2018-08-10 18:24:05,288 - File Handler Daemon Thread - INFO - русская маленькая б.txt: is Deleted
2018-08-10 18:24:05,288 - File Handler Daemon Thread - INFO - Sending message
2018-08-10 18:24:05,288 - Table Handler Daemon Thread - INFO - TableHandler have a message
2018-08-10 18:24:05,703 - Main Thread (Watcher) - INFO - Some changes was happened
2018-08-10 18:24:05,703 - Main Thread (Watcher) - INFO - Some changes was happened
2018-08-10 18:24:05,704 - Main Thread (Watcher) - INFO - Sending message
2018-08-10 18:24:05,704 - File Handler Daemon Thread - INFO - FileHandler have a message
2018-08-10 18:24:05,705 - File Handler Daemon Thread - INFO - русская маленькая б.txt: is Created
2018-08-10 18:24:05,710 - Main Thread (Watcher) - INFO - Some changes was happened
2018-08-10 18:24:05,710 - Main Thread (Watcher) - INFO - Some changes was happened
2018-08-10 18:24:05,711 - Main Thread (Watcher) - INFO - Sending message
2018-08-10 18:24:05,711 - File Handler Daemon Thread - INFO - FileHandler have a message
2018-08-10 18:24:05,711 - File Handler Daemon Thread - INFO - русская маленькая б.txt: is Updated
2018-08-10 18:24:05,712 - File Handler Daemon Thread - INFO - File successfully read
2018-08-10 18:24:05,712 - File Handler Daemon Thread - INFO - Sending message
2018-08-10 18:24:05,714 - Table Handler Daemon Thread - INFO - TableHandler have a message
2018-08-10 18:24:05,718 - Table Handler Daemon Thread - INFO - Sending message
2018-08-10 18:24:05,719 - Cluster Handler Daemon Thread - INFO - ClusterHandler have a message
2018-08-10 18:24:05,719 - Cluster Handler Daemon Thread - INFO - Clusters was up to date
2018-08-10 18:24:05,719 - Cluster Handler Daemon Thread - INFO - Sending message
2018-08-10 18:24:05,719 - Table Handler Daemon Thread - INFO - TableHandler have a message
2018-08-10 18:24:05,753 - Table Handler Daemon Thread - INFO - Table have some update
